<?xml version="1.0" encoding="UTF-8"?>
<coverage generated="1756501079041" clover="3.2.0">
  <project timestamp="1756501079041" name="All files">
    <metrics statements="15" coveredstatements="9" conditionals="4" coveredconditionals="1" methods="4" coveredmethods="2" elements="23" coveredelements="12" complexity="0" loc="15" ncloc="15" packages="2" files="2" classes="2"/>
    <package name="src">
      <metrics statements="3" coveredstatements="3" conditionals="0" coveredconditionals="0" methods="0" coveredmethods="0"/>
      <file name="prismaClient.ts" path="/Users/grim/Code/repos/pmboard/pm-board-server/src/prismaClient.ts">
        <metrics statements="3" coveredstatements="3" conditionals="0" coveredconditionals="0" methods="0" coveredmethods="0"/>
        <line num="2" count="1" type="stmt"/>
        <line num="3" count="1" type="stmt"/>
        <line num="4" count="1" type="stmt"/>
      </file>
    </package>
    <package name="src.controllers.test">
      <metrics statements="12" coveredstatements="6" conditionals="4" coveredconditionals="1" methods="4" coveredmethods="2"/>
      <file name="testController.ts" path="/Users/grim/Code/repos/pmboard/pm-board-server/src/controllers/test/testController.ts">
        <metrics statements="12" coveredstatements="6" conditionals="4" coveredconditionals="1" methods="4" coveredmethods="2"/>
        <line num="2" count="1" type="stmt"/>
        <line num="4" count="1" type="stmt"/>
        <line num="5" count="1" type="stmt"/>
        <line num="6" count="1" type="cond" truecount="1" falsecount="1"/>
        <line num="7" count="0" type="stmt"/>
        <line num="9" count="1" type="stmt"/>
        <line num="14" count="1" type="stmt"/>
        <line num="15" count="0" type="stmt"/>
        <line num="16" count="0" type="cond" truecount="0" falsecount="2"/>
        <line num="17" count="0" type="stmt"/>
        <line num="19" count="0" type="stmt"/>
        <line num="22" count="0" type="stmt"/>
      </file>
    </package>
  </project>
</coverage>
