{"/Users/grim/Code/repos/pmboard/pm-board-server/src/prismaClient.ts": {"path":"/Users/grim/Code/repos/pmboard/pm-board-server/src/prismaClient.ts","statementMap":{"0":{"start":{"line":2,"column":0},"end":{"line":2,"column":46}},"1":{"start":{"line":3,"column":15},"end":{"line":3,"column":33}},"2":{"start":{"line":4,"column":0},"end":{"line":4,"column":22}}},"fnMap":{},"branchMap":{},"s":{"0":1,"1":1,"2":1},"f":{},"b":{}}
,"/Users/grim/Code/repos/pmboard/pm-board-server/src/controllers/test/testController.ts": {"path":"/Users/grim/Code/repos/pmboard/pm-board-server/src/controllers/test/testController.ts","statementMap":{"0":{"start":{"line":2,"column":0},"end":{"line":2,"column":40}},"1":{"start":{"line":4,"column":23},"end":{"line":12,"column":2}},"2":{"start":{"line":4,"column":61},"end":{"line":12,"column":2}},"3":{"start":{"line":5,"column":19},"end":{"line":5,"column":47}},"4":{"start":{"line":6,"column":2},"end":{"line":8,"column":3}},"5":{"start":{"line":7,"column":4},"end":{"line":7,"column":71}},"6":{"start":{"line":9,"column":2},"end":{"line":11,"column":68}},"7":{"start":{"line":4,"column":13},"end":{"line":4,"column":23}},"8":{"start":{"line":14,"column":24},"end":{"line":25,"column":2}},"9":{"start":{"line":14,"column":62},"end":{"line":25,"column":2}},"10":{"start":{"line":15,"column":19},"end":{"line":15,"column":27}},"11":{"start":{"line":16,"column":2},"end":{"line":18,"column":3}},"12":{"start":{"line":17,"column":4},"end":{"line":17,"column":66}},"13":{"start":{"line":19,"column":18},"end":{"line":21,"column":4}},"14":{"start":{"line":22,"column":2},"end":{"line":24,"column":65}},"15":{"start":{"line":14,"column":13},"end":{"line":14,"column":24}},"16":{"start":{"line":27,"column":30},"end":{"line":30,"column":2}},"17":{"start":{"line":27,"column":68},"end":{"line":30,"column":2}},"18":{"start":{"line":28,"column":2},"end":{"line":28,"column":35}},"19":{"start":{"line":29,"column":2},"end":{"line":29,"column":72}},"20":{"start":{"line":27,"column":13},"end":{"line":27,"column":30}}},"fnMap":{"0":{"name":"(anonymous_8)","decl":{"start":{"line":4,"column":23},"end":{"line":4,"column":30}},"loc":{"start":{"line":4,"column":61},"end":{"line":12,"column":2}}},"1":{"name":"(anonymous_9)","decl":{"start":{"line":4,"column":61},"end":{"line":4,"column":null}},"loc":{"start":{"line":4,"column":61},"end":{"line":12,"column":1}}},"2":{"name":"(anonymous_10)","decl":{"start":{"line":14,"column":24},"end":{"line":14,"column":31}},"loc":{"start":{"line":14,"column":62},"end":{"line":25,"column":2}}},"3":{"name":"(anonymous_11)","decl":{"start":{"line":14,"column":62},"end":{"line":14,"column":null}},"loc":{"start":{"line":14,"column":62},"end":{"line":25,"column":1}}},"4":{"name":"(anonymous_12)","decl":{"start":{"line":27,"column":30},"end":{"line":27,"column":37}},"loc":{"start":{"line":27,"column":68},"end":{"line":30,"column":2}}},"5":{"name":"(anonymous_13)","decl":{"start":{"line":27,"column":68},"end":{"line":27,"column":null}},"loc":{"start":{"line":27,"column":68},"end":{"line":30,"column":1}}}},"branchMap":{"0":{"loc":{"start":{"line":6,"column":2},"end":{"line":8,"column":3}},"type":"if","locations":[{"start":{"line":6,"column":2},"end":{"line":8,"column":3}},{"start":{},"end":{}}]},"1":{"loc":{"start":{"line":16,"column":2},"end":{"line":18,"column":3}},"type":"if","locations":[{"start":{"line":16,"column":2},"end":{"line":18,"column":3}},{"start":{},"end":{}}]}},"s":{"0":1,"1":1,"2":3,"3":3,"4":3,"5":2,"6":1,"7":1,"8":1,"9":1,"10":1,"11":1,"12":0,"13":1,"14":1,"15":1,"16":1,"17":1,"18":1,"19":1,"20":1},"f":{"0":3,"1":3,"2":1,"3":1,"4":1,"5":1},"b":{"0":[2,1],"1":[0,1]}}
}
