TN:
SF:src/prismaClient.ts
FNF:0
FNH:0
DA:2,1
DA:3,1
DA:4,1
LF:3
LH:3
BRF:0
BRH:0
end_of_record
TN:
SF:src/controllers/test/testController.ts
FN:4,(anonymous_8)
FN:4,(anonymous_9)
FN:14,(anonymous_10)
FN:14,(anonymous_11)
FN:27,(anonymous_12)
FN:27,(anonymous_13)
FNF:6
FNH:6
FNDA:3,(anonymous_8)
FNDA:3,(anonymous_9)
FNDA:1,(anonymous_10)
FNDA:1,(anonymous_11)
FNDA:1,(anonymous_12)
FNDA:1,(anonymous_13)
DA:2,1
DA:4,3
DA:5,3
DA:6,3
DA:7,2
DA:9,1
DA:14,1
DA:15,1
DA:16,1
DA:17,0
DA:19,1
DA:22,1
DA:27,1
DA:28,1
DA:29,1
LF:15
LH:14
BRDA:6,0,0,2
BRDA:6,0,1,1
BRDA:16,1,0,0
BRDA:16,1,1,1
BRF:4
BRH:3
end_of_record
